c:\users\damie\source\repos\horrorenginegit\horrorengine\horrorengine\x64\debug\horrorengine.pch
c:\users\damie\source\repos\horrorenginegit\horrorengine\x64\debug\horrorengine.pdb
c:\users\damie\source\repos\horrorenginegit\horrorengine\x64\debug\horrorengine.idb
c:\users\damie\source\repos\horrorenginegit\horrorengine\horrorengine\x64\debug\pch.obj
c:\users\damie\source\repos\horrorenginegit\horrorengine\horrorengine\x64\debug\spriterenderer.obj
c:\users\damie\source\repos\horrorenginegit\horrorengine\horrorengine\x64\debug\rigidbody.obj
c:\users\damie\source\repos\horrorenginegit\horrorengine\horrorengine\x64\debug\resourcemanager.obj
c:\users\damie\source\repos\horrorenginegit\horrorengine\horrorengine\x64\debug\physics.obj
c:\users\damie\source\repos\horrorenginegit\horrorengine\horrorengine\x64\debug\horrorengine.obj
c:\users\damie\source\repos\horrorenginegit\horrorengine\horrorengine\x64\debug\camera.obj
c:\users\damie\source\repos\horrorenginegit\horrorengine\horrorengine\x64\debug\application.obj
c:\users\damie\source\repos\horrorenginegit\horrorengine\horrorengine\x64\debug\aentity.obj
c:\users\damie\source\repos\horrorenginegit\horrorengine\horrorengine\x64\debug\acomponent.obj
c:\users\damie\source\repos\horrorenginegit\horrorengine\x64\debug\horrorengine.lib
c:\users\damie\source\repos\horrorenginegit\horrorengine\horrorengine\x64\debug\horrorengine.tlog\cl.command.1.tlog
c:\users\damie\source\repos\horrorenginegit\horrorengine\horrorengine\x64\debug\horrorengine.tlog\cl.items.tlog
c:\users\damie\source\repos\horrorenginegit\horrorengine\horrorengine\x64\debug\horrorengine.tlog\cl.read.1.tlog
c:\users\damie\source\repos\horrorenginegit\horrorengine\horrorengine\x64\debug\horrorengine.tlog\cl.write.1.tlog
c:\users\damie\source\repos\horrorenginegit\horrorengine\horrorengine\x64\debug\horrorengine.tlog\lib-link.read.1.tlog
c:\users\damie\source\repos\horrorenginegit\horrorengine\horrorengine\x64\debug\horrorengine.tlog\lib-link.write.1.tlog
c:\users\damie\source\repos\horrorenginegit\horrorengine\horrorengine\x64\debug\horrorengine.tlog\lib.command.1.tlog
