c:\users\damie\source\repos\horrorenginegit\horrorengine\veryveryscarygame\x64\debug\vc143.pdb
c:\users\damie\source\repos\horrorenginegit\horrorengine\veryveryscarygame\x64\debug\vc143.idb
c:\users\damie\source\repos\horrorenginegit\horrorengine\veryveryscarygame\x64\debug\veryveryscarygame.obj
c:\users\damie\source\repos\horrorenginegit\horrorengine\x64\debug\veryveryscarygame.exe
c:\users\damie\source\repos\horrorenginegit\horrorengine\veryveryscarygame\x64\debug\veryveryscarygame.ilk
c:\users\damie\source\repos\horrorenginegit\horrorengine\x64\debug\veryveryscarygame.pdb
c:\users\damie\source\repos\horrorengine\x64\debug\sfml-graphics-d-2.dll
c:\users\damie\source\repos\horrorengine\x64\debug\sfml-window-d-2.dll
c:\users\damie\source\repos\horrorengine\x64\debug\sfml-system-d-2.dll
c:\users\damie\source\repos\horrorengine\x64\debug\freetyped.dll
c:\users\damie\source\repos\horrorengine\x64\debug\zlibd1.dll
c:\users\damie\source\repos\horrorengine\x64\debug\bz2d.dll
c:\users\damie\source\repos\horrorengine\x64\debug\libpng16d.dll
c:\users\damie\source\repos\horrorengine\x64\debug\brotlidec.dll
c:\users\damie\source\repos\horrorengine\x64\debug\brotlicommon.dll
c:\users\damie\source\repos\horrorenginegit\horrorengine\x64\debug\sfml-graphics-d-2.dll
c:\users\damie\source\repos\horrorenginegit\horrorengine\x64\debug\sfml-window-d-2.dll
c:\users\damie\source\repos\horrorenginegit\horrorengine\x64\debug\sfml-system-d-2.dll
c:\users\damie\source\repos\horrorenginegit\horrorengine\x64\debug\freetyped.dll
c:\users\damie\source\repos\horrorenginegit\horrorengine\x64\debug\zlibd1.dll
c:\users\damie\source\repos\horrorenginegit\horrorengine\x64\debug\bz2d.dll
c:\users\damie\source\repos\horrorenginegit\horrorengine\x64\debug\libpng16d.dll
c:\users\damie\source\repos\horrorenginegit\horrorengine\x64\debug\brotlidec.dll
c:\users\damie\source\repos\horrorenginegit\horrorengine\x64\debug\brotlicommon.dll
c:\users\damie\source\repos\horrorenginegit\horrorengine\veryveryscarygame\x64\debug\veryvery.e6040249.tlog\cl.command.1.tlog
c:\users\damie\source\repos\horrorenginegit\horrorengine\veryveryscarygame\x64\debug\veryvery.e6040249.tlog\cl.items.tlog
c:\users\damie\source\repos\horrorenginegit\horrorengine\veryveryscarygame\x64\debug\veryvery.e6040249.tlog\cl.read.1.tlog
c:\users\damie\source\repos\horrorenginegit\horrorengine\veryveryscarygame\x64\debug\veryvery.e6040249.tlog\cl.write.1.tlog
c:\users\damie\source\repos\horrorenginegit\horrorengine\veryveryscarygame\x64\debug\veryvery.e6040249.tlog\link.command.1.tlog
c:\users\damie\source\repos\horrorenginegit\horrorengine\veryveryscarygame\x64\debug\veryvery.e6040249.tlog\link.read.1.tlog
c:\users\damie\source\repos\horrorenginegit\horrorengine\veryveryscarygame\x64\debug\veryvery.e6040249.tlog\link.write.1.tlog
c:\users\damie\source\repos\horrorenginegit\horrorengine\veryveryscarygame\x64\debug\veryvery.e6040249.tlog\veryveryscarygame.write.1u.tlog
